<?xml version="1.0" encoding="UTF-8"?>
<!-- Generated by org.testng.reporters.JUnitReportReporter -->
<testsuite hostname="DESKTOP-81ARGGN" failures="0" tests="1" name="com.scientificgames.test.RecallBoardTest" time="17.642" errors="0" timestamp="2021-05-15T10:45:06 IST" skipped="0">
  <testcase classname="com.scientificgames.test.RecallBoardTest" name="appointmentBookingTest" time="17.642"/>
  <system-out/>
</testsuite> <!-- com.scientificgames.test.RecallBoardTest -->
