<?xml version="1.0" encoding="UTF-8"?>
<!-- Generated by org.testng.reporters.JUnitReportReporter -->
<testsuite hostname="DESKTOP-81ARGGN" failures="0" tests="4" name="com.scientificgames.test.DemoTest" time="0.018" errors="0" timestamp="2021-05-13T11:50:22 IST" skipped="0">
  <testcase classname="com.scientificgames.test.DemoTest" name="validTest" time="0.009"/>
  <system-out/>
  <testcase classname="com.scientificgames.test.DemoTest" name="validTest" time="0.002"/>
  <system-out/>
  <testcase classname="com.scientificgames.test.DemoTest" name="validTest" time="0.001"/>
  <system-out/>
  <testcase classname="com.scientificgames.test.DemoTest" name="validTest" time="0.006"/>
  <system-out/>
</testsuite> <!-- com.scientificgames.test.DemoTest -->
