<?xml version="1.0" encoding="UTF-8"?>
<!-- Generated by org.testng.reporters.JUnitReportReporter -->
<testsuite hostname="DESKTOP-81ARGGN" failures="0" tests="1" name="com.scientificgames.test.LoginTest" time="19.217" errors="0" timestamp="2021-05-18T12:24:28 IST" skipped="0">
  <testcase classname="com.scientificgames.test.LoginTest" name="validCredentialTest" time="19.217"/>
  <system-out>
    <![CDATA[completed validCredentialData]]>
  </system-out>
</testsuite> <!-- com.scientificgames.test.LoginTest -->
